[debug] [2023-09-15T08:46:47.740Z] ----------------------------------------------------------------------
[debug] [2023-09-15T08:46:47.741Z] Command:       C:\Program Files\nodejs\node.exe C:\Users\basu1\AppData\Roaming\npm\node_modules\firebase-tools\lib\bin\firebase.js emulators:start
[debug] [2023-09-15T08:46:47.742Z] CLI Version:   12.5.3
[debug] [2023-09-15T08:46:47.742Z] Platform:      win32
[debug] [2023-09-15T08:46:47.742Z] Node Version:  v18.16.0
[debug] [2023-09-15T08:46:47.743Z] Time:          Fri Sep 15 2023 14:16:47 GMT+0530 (India Standard Time)
[debug] [2023-09-15T08:46:47.743Z] ----------------------------------------------------------------------
[debug] 
[debug] [2023-09-15T08:46:47.871Z] > command requires scopes: ["email","openid","https://www.googleapis.com/auth/cloudplatformprojects.readonly","https://www.googleapis.com/auth/firebase","https://www.googleapis.com/auth/cloud-platform"]
[debug] [2023-09-15T08:46:47.871Z] > authorizing via signed-in user (karbasappabembulge@gmail.com)
[info] i  emulators: Starting emulators: functions, hosting {"metadata":{"emulator":{"name":"hub"},"message":"Starting emulators: functions, hosting"}}
[debug] [2023-09-15T08:46:47.882Z] [logging] Logging Emulator only supports listening on one address (127.0.0.1). Not listening on ::1
[debug] [2023-09-15T08:46:47.882Z] [hosting] Hosting Emulator only supports listening on one address (127.0.0.1). Not listening on ::1
[debug] [2023-09-15T08:46:47.882Z] assigned listening specs for emulators {"user":{"hub":[{"address":"127.0.0.1","family":"IPv4","port":4400},{"address":"::1","family":"IPv6","port":4400}],"ui":[{"address":"127.0.0.1","family":"IPv4","port":4000},{"address":"::1","family":"IPv6","port":4000}],"logging":[{"address":"127.0.0.1","family":"IPv4","port":4500}],"hosting":[{"address":"127.0.0.1","family":"IPv4","port":5000}]},"metadata":{"message":"assigned listening specs for emulators"}}
[warn] !  emulators: It seems that you are running multiple instances of the emulator suite for project clone-3af92. This may result in unexpected behavior. 
[debug] [2023-09-15T08:46:47.894Z] [hub] writing locator at C:\Users\basu1\AppData\Local\Temp\hub-clone-3af92.json
[debug] [2023-09-15T08:46:47.912Z] [functions] Functions Emulator only supports listening on one address (127.0.0.1). Not listening on ::1
[debug] [2023-09-15T08:46:47.912Z] [eventarc] Eventarc Emulator only supports listening on one address (127.0.0.1). Not listening on ::1
[debug] [2023-09-15T08:46:47.912Z] late-assigned ports for functions and eventarc emulators {"user":{"hub":[{"address":"127.0.0.1","family":"IPv4","port":4400},{"address":"::1","family":"IPv6","port":4400}],"ui":[{"address":"127.0.0.1","family":"IPv4","port":4000},{"address":"::1","family":"IPv6","port":4000}],"logging":[{"address":"127.0.0.1","family":"IPv4","port":4500}],"hosting":[{"address":"127.0.0.1","family":"IPv4","port":5000}],"functions":[{"address":"127.0.0.1","family":"IPv4","port":5001}],"eventarc":[{"address":"127.0.0.1","family":"IPv4","port":9299}]},"metadata":{"message":"late-assigned ports for functions and eventarc emulators"}}
[warn] !  functions: The following emulators are not running, calls to these services from the Functions emulator will affect production: auth, firestore, database, pubsub, storage {"metadata":{"emulator":{"name":"functions"},"message":"The following emulators are not running, calls to these services from the Functions emulator will affect production: \u001b[1mauth, firestore, database, pubsub, storage\u001b[22m"}}
[debug] [2023-09-15T08:46:47.917Z] defaultcredentials: writing to file C:\Users\basu1\AppData\Roaming\firebase\karbasappabembulge_gmail_com_application_default_credentials.json
[debug] [2023-09-15T08:46:47.919Z] Setting GAC to C:\Users\basu1\AppData\Roaming\firebase\karbasappabembulge_gmail_com_application_default_credentials.json {"metadata":{"emulator":{"name":"functions"},"message":"Setting GAC to C:\\Users\\basu1\\AppData\\Roaming\\firebase\\karbasappabembulge_gmail_com_application_default_credentials.json"}}
[debug] [2023-09-15T08:46:47.921Z] > refreshing access token with scopes: []
[debug] [2023-09-15T08:46:47.922Z] >>> [apiv2][query] POST https://www.googleapis.com/oauth2/v3/token [none]
[debug] [2023-09-15T08:46:47.923Z] >>> [apiv2][body] POST https://www.googleapis.com/oauth2/v3/token [omitted]
[debug] [2023-09-15T08:46:48.297Z] <<< [apiv2][status] POST https://www.googleapis.com/oauth2/v3/token 200
[debug] [2023-09-15T08:46:48.297Z] <<< [apiv2][body] POST https://www.googleapis.com/oauth2/v3/token [omitted]
[debug] [2023-09-15T08:46:48.306Z] >>> [apiv2][query] GET https://firebase.googleapis.com/v1beta1/projects/clone-3af92/adminSdkConfig [none]
[debug] [2023-09-15T08:46:48.947Z] <<< [apiv2][status] GET https://firebase.googleapis.com/v1beta1/projects/clone-3af92/adminSdkConfig 200
[debug] [2023-09-15T08:46:48.947Z] <<< [apiv2][body] GET https://firebase.googleapis.com/v1beta1/projects/clone-3af92/adminSdkConfig {"projectId":"clone-3af92","storageBucket":"clone-3af92.appspot.com"}
[debug] [2023-09-15T08:46:48.961Z] >>> [apiv2][query] GET https://firebasehosting.googleapis.com/v1beta1/projects/clone-3af92/sites 
[debug] [2023-09-15T08:46:50.235Z] <<< [apiv2][status] GET https://firebasehosting.googleapis.com/v1beta1/projects/clone-3af92/sites 200
[debug] [2023-09-15T08:46:50.235Z] <<< [apiv2][body] GET https://firebasehosting.googleapis.com/v1beta1/projects/clone-3af92/sites {"sites":[{"name":"projects/clone-3af92/sites/clone-3af92","defaultUrl":"https://clone-3af92.web.app","appId":"1:1023229835575:web:101ff2a64ae874b78042b2","type":"DEFAULT_SITE"}]}
[debug] [2023-09-15T08:46:50.235Z] >>> [apiv2][query] GET https://firebase.googleapis.com/v1beta1/projects/clone-3af92/webApps/1:1023229835575:web:101ff2a64ae874b78042b2/config [none]
[debug] [2023-09-15T08:46:51.060Z] <<< [apiv2][status] GET https://firebase.googleapis.com/v1beta1/projects/clone-3af92/webApps/1:1023229835575:web:101ff2a64ae874b78042b2/config 200
[debug] [2023-09-15T08:46:51.061Z] <<< [apiv2][body] GET https://firebase.googleapis.com/v1beta1/projects/clone-3af92/webApps/1:1023229835575:web:101ff2a64ae874b78042b2/config {"projectId":"clone-3af92","appId":"1:1023229835575:web:101ff2a64ae874b78042b2","storageBucket":"clone-3af92.appspot.com","apiKey":"AIzaSyD6fENszLik6xe7MgU48S-J0P2m4_AueCo","authDomain":"clone-3af92.firebaseapp.com","messagingSenderId":"1023229835575","measurementId":"G-5Q01QYV3GY"}
[debug] [2023-09-15T08:46:51.066Z] >>> [apiv2][query] GET https://firebase.googleapis.com/v1beta1/projects/clone-3af92 [none]
[debug] [2023-09-15T08:46:51.659Z] <<< [apiv2][status] GET https://firebase.googleapis.com/v1beta1/projects/clone-3af92 200
[debug] [2023-09-15T08:46:51.660Z] <<< [apiv2][body] GET https://firebase.googleapis.com/v1beta1/projects/clone-3af92 {"projectId":"clone-3af92","projectNumber":"1023229835575","displayName":"Amazon-clone","name":"projects/clone-3af92","resources":{"hostingSite":"clone-3af92"},"state":"ACTIVE","etag":"1_ef213594-f7ad-49b6-8f3c-11564a8e04be"}
[info] i  hosting[clone-3af92]: Serving hosting files from: build {"metadata":{"emulator":{"name":"hosting"},"message":"Serving hosting files from: \u001b[1mbuild\u001b[22m"}}
[info] +  hosting[clone-3af92]: Local server: http://127.0.0.1:5000 {"metadata":{"emulator":{"name":"hosting"},"message":"Local server: \u001b[4m\u001b[1mhttp://127.0.0.1:5000\u001b[22m\u001b[24m"}}
[debug] [2023-09-15T08:46:51.687Z] Ignoring unsupported arg: auto_download {"metadata":{"emulator":{"name":"ui"},"message":"Ignoring unsupported arg: auto_download"}}
[debug] [2023-09-15T08:46:51.687Z] Ignoring unsupported arg: port {"metadata":{"emulator":{"name":"ui"},"message":"Ignoring unsupported arg: port"}}
[debug] [2023-09-15T08:46:51.687Z] Starting Emulator UI with command {"binary":"node","args":["C:\\Users\\basu1\\.cache\\firebase\\emulators\\ui-v1.11.7\\server\\server.js"],"optionalArgs":[],"joinArgs":false} {"metadata":{"emulator":{"name":"ui"},"message":"Starting Emulator UI with command {\"binary\":\"node\",\"args\":[\"C:\\\\Users\\\\basu1\\\\.cache\\\\firebase\\\\emulators\\\\ui-v1.11.7\\\\server\\\\server.js\"],\"optionalArgs\":[],\"joinArgs\":false}"}}
[info] i  ui: Emulator UI logging to ui-debug.log {"metadata":{"emulator":{"name":"ui"},"message":"Emulator UI logging to \u001b[1mui-debug.log\u001b[22m"}}
[debug] [2023-09-15T08:46:51.829Z] Web / API server started at 127.0.0.1:4000
 {"metadata":{"emulator":{"name":"ui"},"message":"Web / API server started at 127.0.0.1:4000\n"}}
[debug] [2023-09-15T08:46:51.830Z] Web / API server started at ::1:4000
 {"metadata":{"emulator":{"name":"ui"},"message":"Web / API server started at ::1:4000\n"}}
[info] i  functions: Watching "C:\Users\basu1\OneDrive\Documents\React-App\amazon\functions" for Cloud Functions... {"metadata":{"emulator":{"name":"functions"},"message":"Watching \"C:\\Users\\basu1\\OneDrive\\Documents\\React-App\\amazon\\functions\" for Cloud Functions..."}}
[debug] [2023-09-15T08:46:51.965Z] Validating nodejs source
[debug] [2023-09-15T08:46:53.617Z] > [functions] package.json contents: {
  "name": "functions",
  "description": "Cloud Functions for Firebase",
  "scripts": {
    "lint": "eslint .",
    "serve": "firebase emulators:start --only functions",
    "shell": "firebase functions:shell",
    "start": "npm run shell",
    "deploy": "firebase deploy --only functions",
    "logs": "firebase functions:log"
  },
  "engines": {
    "node": "18"
  },
  "main": "index.js",
  "dependencies": {
    "cors": "^2.8.5",
    "express": "^4.18.2",
    "firebase-admin": "^11.8.0",
    "firebase-functions": "^4.3.1",
    "stripe": "^13.5.0"
  },
  "devDependencies": {
    "eslint": "^8.15.0",
    "eslint-config-google": "^0.14.0",
    "firebase-functions-test": "^3.1.0"
  },
  "private": true
}
[debug] [2023-09-15T08:46:53.618Z] Building nodejs source
[debug] [2023-09-15T08:46:53.618Z] Failed to find version of module node: reached end of search path C:\Users\basu1\OneDrive\Documents\React-App\amazon\functions\node_modules
[info] +  functions: Using node@18 from host. 
[debug] [2023-09-15T08:46:53.622Z] Could not find functions.yaml. Must use http discovery
[debug] [2023-09-15T08:46:53.627Z] Found firebase-functions binary at 'C:\Users\basu1\OneDrive\Documents\React-App\amazon\functions\node_modules\.bin\firebase-functions'
[info] Serving at port 8772

[debug] [2023-09-15T08:46:54.577Z] Got response from /__/functions.yaml {"endpoints":{"api":{"platform":"gcfv1","availableMemoryMb":null,"timeoutSeconds":null,"minInstances":null,"maxInstances":null,"ingressSettings":null,"serviceAccountEmail":null,"vpc":null,"httpsTrigger":{},"entryPoint":"api"}},"specVersion":"v1alpha1","requiredAPIs":[]}
[info] shutdown requested via /__/quitquitquit

[info] +  functions: Loaded functions definitions from source: api. {"metadata":{"emulator":{"name":"functions"},"message":"Loaded functions definitions from source: api."}}
[info] +  functions[us-central1-api]: http function initialized (http://127.0.0.1:5001/clone-3af92/us-central1/api). {"metadata":{"emulator":{"name":"functions"},"message":"\u001b[1mhttp\u001b[22m function initialized (http://127.0.0.1:5001/clone-3af92/us-central1/api)."}}
[info] 
┌─────────────────────────────────────────────────────────────┐
│ ✔  All emulators ready! It is now safe to connect your app. │
│ i  View Emulator UI at http://127.0.0.1:4000/               │
└─────────────────────────────────────────────────────────────┘

┌───────────┬────────────────┬─────────────────────────────────┐
│ Emulator  │ Host:Port      │ View in Emulator UI             │
├───────────┼────────────────┼─────────────────────────────────┤
│ Functions │ 127.0.0.1:5001 │ http://127.0.0.1:4000/functions │
├───────────┼────────────────┼─────────────────────────────────┤
│ Hosting   │ 127.0.0.1:5000 │ n/a                             │
└───────────┴────────────────┴─────────────────────────────────┘
  Emulator Hub running at 127.0.0.1:4400
  Other reserved ports: 4500

Issues? Report them at https://github.com/firebase/firebase-tools/issues and attach the *-debug.log files.
 
[debug] [2023-09-15T08:47:11.636Z] [work-queue] {"queuedWork":["/clone-3af92/us-central1/api/payments/create-2023-09-15T08:47:11.636Z"],"queueLength":1,"runningWork":[],"workRunningCount":0}
[debug] [2023-09-15T08:47:11.637Z] [work-queue] {"queuedWork":[],"queueLength":0,"runningWork":["/clone-3af92/us-central1/api/payments/create-2023-09-15T08:47:11.636Z"],"workRunningCount":1}
[debug] [2023-09-15T08:47:11.638Z] Accepted request POST /clone-3af92/us-central1/api/payments/create?total=2399 --> us-central1-api
[debug] [2023-09-15T08:47:11.644Z] [functions] Runtime ready! Sending request! {"metadata":{"emulator":{"name":"functions"},"message":"[functions] Runtime ready! Sending request!"}}
[debug] [2023-09-15T08:47:11.645Z] [functions] Got req.url=/clone-3af92/us-central1/api/payments/create?total=2399, mapping to path=/payments/create?total=2399 {"metadata":{"emulator":{"name":"functions"},"message":"[functions] Got req.url=/clone-3af92/us-central1/api/payments/create?total=2399, mapping to path=/payments/create?total=2399"}}
[debug] [2023-09-15T08:47:11.662Z] [worker-pool] addWorker(us-central1-api) {"metadata":{"emulator":{"name":"functions"},"message":"[worker-pool] addWorker(us-central1-api)"}}
[debug] [2023-09-15T08:47:11.663Z] [worker-pool] Adding worker with key us-central1-api, total=1 {"metadata":{"emulator":{"name":"functions"},"message":"[worker-pool] Adding worker with key us-central1-api, total=1"}}
[debug] [2023-09-15T08:47:11.665Z] [work-queue] {"queuedWork":["/clone-3af92/us-central1/api/payments/create-2023-09-15T08:47:11.665Z"],"queueLength":1,"runningWork":["/clone-3af92/us-central1/api/payments/create-2023-09-15T08:47:11.636Z"],"workRunningCount":1}
[debug] [2023-09-15T08:47:11.666Z] [work-queue] {"queuedWork":[],"queueLength":0,"runningWork":["/clone-3af92/us-central1/api/payments/create-2023-09-15T08:47:11.636Z","/clone-3af92/us-central1/api/payments/create-2023-09-15T08:47:11.665Z"],"workRunningCount":2}
[debug] [2023-09-15T08:47:11.666Z] Accepted request POST /clone-3af92/us-central1/api/payments/create?total=2399 --> us-central1-api
[debug] [2023-09-15T08:47:11.668Z] [functions] Runtime ready! Sending request! {"metadata":{"emulator":{"name":"functions"},"message":"[functions] Runtime ready! Sending request!"}}
[debug] [2023-09-15T08:47:11.669Z] [functions] Got req.url=/clone-3af92/us-central1/api/payments/create?total=2399, mapping to path=/payments/create?total=2399 {"metadata":{"emulator":{"name":"functions"},"message":"[functions] Got req.url=/clone-3af92/us-central1/api/payments/create?total=2399, mapping to path=/payments/create?total=2399"}}
[debug] [2023-09-15T08:47:11.675Z] [worker-pool] addWorker(us-central1-api) {"metadata":{"emulator":{"name":"functions"},"message":"[worker-pool] addWorker(us-central1-api)"}}
[debug] [2023-09-15T08:47:11.675Z] [worker-pool] Adding worker with key us-central1-api, total=2 {"metadata":{"emulator":{"name":"functions"},"message":"[worker-pool] Adding worker with key us-central1-api, total=2"}}
[debug] [2023-09-15T08:47:12.871Z] [runtime-status] [18840] Resolved module firebase-admin {"declared":true,"installed":true,"version":"11.10.1","resolution":"C:\\Users\\basu1\\OneDrive\\Documents\\React-App\\amazon\\functions\\node_modules\\firebase-admin\\lib\\index.js"} {"metadata":{"emulator":{"name":"functions"},"function":{"name":"us-central1-api"},"extension":{},"message":"[runtime-status] [18840] Resolved module firebase-admin {\"declared\":true,\"installed\":true,\"version\":\"11.10.1\",\"resolution\":\"C:\\\\Users\\\\basu1\\\\OneDrive\\\\Documents\\\\React-App\\\\amazon\\\\functions\\\\node_modules\\\\firebase-admin\\\\lib\\\\index.js\"}"}}
[debug] [2023-09-15T08:47:12.874Z] [runtime-status] [6200] Resolved module firebase-admin {"declared":true,"installed":true,"version":"11.10.1","resolution":"C:\\Users\\basu1\\OneDrive\\Documents\\React-App\\amazon\\functions\\node_modules\\firebase-admin\\lib\\index.js"} {"metadata":{"emulator":{"name":"functions"},"function":{"name":"us-central1-api"},"extension":{},"message":"[runtime-status] [6200] Resolved module firebase-admin {\"declared\":true,\"installed\":true,\"version\":\"11.10.1\",\"resolution\":\"C:\\\\Users\\\\basu1\\\\OneDrive\\\\Documents\\\\React-App\\\\amazon\\\\functions\\\\node_modules\\\\firebase-admin\\\\lib\\\\index.js\"}"}}
[debug] [2023-09-15T08:47:12.874Z] [runtime-status] [6200] Resolved module firebase-functions {"declared":true,"installed":true,"version":"4.4.1","resolution":"C:\\Users\\basu1\\OneDrive\\Documents\\React-App\\amazon\\functions\\node_modules\\firebase-functions\\lib\\v1\\index.js"} {"metadata":{"emulator":{"name":"functions"},"function":{"name":"us-central1-api"},"extension":{},"message":"[runtime-status] [6200] Resolved module firebase-functions {\"declared\":true,\"installed\":true,\"version\":\"4.4.1\",\"resolution\":\"C:\\\\Users\\\\basu1\\\\OneDrive\\\\Documents\\\\React-App\\\\amazon\\\\functions\\\\node_modules\\\\firebase-functions\\\\lib\\\\v1\\\\index.js\"}"}}
[debug] [2023-09-15T08:47:12.875Z] [runtime-status] [6200] Outgoing network have been stubbed. [{"name":"http","status":"mocked"},{"name":"http","status":"mocked"},{"name":"https","status":"mocked"},{"name":"https","status":"mocked"},{"name":"net","status":"mocked"}] {"metadata":{"emulator":{"name":"functions"},"function":{"name":"us-central1-api"},"extension":{},"message":"[runtime-status] [6200] Outgoing network have been stubbed. [{\"name\":\"http\",\"status\":\"mocked\"},{\"name\":\"http\",\"status\":\"mocked\"},{\"name\":\"https\",\"status\":\"mocked\"},{\"name\":\"https\",\"status\":\"mocked\"},{\"name\":\"net\",\"status\":\"mocked\"}]"}}
[debug] [2023-09-15T08:47:12.875Z] [runtime-status] [18840] Resolved module firebase-functions {"declared":true,"installed":true,"version":"4.4.1","resolution":"C:\\Users\\basu1\\OneDrive\\Documents\\React-App\\amazon\\functions\\node_modules\\firebase-functions\\lib\\v1\\index.js"} {"metadata":{"emulator":{"name":"functions"},"function":{"name":"us-central1-api"},"extension":{},"message":"[runtime-status] [18840] Resolved module firebase-functions {\"declared\":true,\"installed\":true,\"version\":\"4.4.1\",\"resolution\":\"C:\\\\Users\\\\basu1\\\\OneDrive\\\\Documents\\\\React-App\\\\amazon\\\\functions\\\\node_modules\\\\firebase-functions\\\\lib\\\\v1\\\\index.js\"}"}}
[debug] [2023-09-15T08:47:12.876Z] [runtime-status] [18840] Outgoing network have been stubbed. [{"name":"http","status":"mocked"},{"name":"http","status":"mocked"},{"name":"https","status":"mocked"},{"name":"https","status":"mocked"},{"name":"net","status":"mocked"}] {"metadata":{"emulator":{"name":"functions"},"function":{"name":"us-central1-api"},"extension":{},"message":"[runtime-status] [18840] Outgoing network have been stubbed. [{\"name\":\"http\",\"status\":\"mocked\"},{\"name\":\"http\",\"status\":\"mocked\"},{\"name\":\"https\",\"status\":\"mocked\"},{\"name\":\"https\",\"status\":\"mocked\"},{\"name\":\"net\",\"status\":\"mocked\"}]"}}
[debug] [2023-09-15T08:47:12.876Z] [runtime-status] [18840] Resolved module firebase-functions {"declared":true,"installed":true,"version":"4.4.1","resolution":"C:\\Users\\basu1\\OneDrive\\Documents\\React-App\\amazon\\functions\\node_modules\\firebase-functions\\lib\\v1\\index.js"} {"metadata":{"emulator":{"name":"functions"},"function":{"name":"us-central1-api"},"extension":{},"message":"[runtime-status] [18840] Resolved module firebase-functions {\"declared\":true,\"installed\":true,\"version\":\"4.4.1\",\"resolution\":\"C:\\\\Users\\\\basu1\\\\OneDrive\\\\Documents\\\\React-App\\\\amazon\\\\functions\\\\node_modules\\\\firebase-functions\\\\lib\\\\v1\\\\index.js\"}"}}
[debug] [2023-09-15T08:47:12.877Z] [runtime-status] [6200] Resolved module firebase-functions {"declared":true,"installed":true,"version":"4.4.1","resolution":"C:\\Users\\basu1\\OneDrive\\Documents\\React-App\\amazon\\functions\\node_modules\\firebase-functions\\lib\\v1\\index.js"} {"metadata":{"emulator":{"name":"functions"},"function":{"name":"us-central1-api"},"extension":{},"message":"[runtime-status] [6200] Resolved module firebase-functions {\"declared\":true,\"installed\":true,\"version\":\"4.4.1\",\"resolution\":\"C:\\\\Users\\\\basu1\\\\OneDrive\\\\Documents\\\\React-App\\\\amazon\\\\functions\\\\node_modules\\\\firebase-functions\\\\lib\\\\v1\\\\index.js\"}"}}
[debug] [2023-09-15T08:47:13.125Z] [runtime-status] [6200] Checked functions.config() {"config":{}} {"metadata":{"emulator":{"name":"functions"},"function":{"name":"us-central1-api"},"extension":{},"message":"[runtime-status] [6200] Checked functions.config() {\"config\":{}}"}}
[debug] [2023-09-15T08:47:13.126Z] [runtime-status] [6200] firebase-functions has been stubbed. {"functionsResolution":{"declared":true,"installed":true,"version":"4.4.1","resolution":"C:\\Users\\basu1\\OneDrive\\Documents\\React-App\\amazon\\functions\\node_modules\\firebase-functions\\lib\\v1\\index.js"}} {"metadata":{"emulator":{"name":"functions"},"function":{"name":"us-central1-api"},"extension":{},"message":"[runtime-status] [6200] firebase-functions has been stubbed. {\"functionsResolution\":{\"declared\":true,\"installed\":true,\"version\":\"4.4.1\",\"resolution\":\"C:\\\\Users\\\\basu1\\\\OneDrive\\\\Documents\\\\React-App\\\\amazon\\\\functions\\\\node_modules\\\\firebase-functions\\\\lib\\\\v1\\\\index.js\"}}"}}
[debug] [2023-09-15T08:47:13.127Z] [runtime-status] [6200] Resolved module firebase-functions {"declared":true,"installed":true,"version":"4.4.1","resolution":"C:\\Users\\basu1\\OneDrive\\Documents\\React-App\\amazon\\functions\\node_modules\\firebase-functions\\lib\\v1\\index.js"} {"metadata":{"emulator":{"name":"functions"},"function":{"name":"us-central1-api"},"extension":{},"message":"[runtime-status] [6200] Resolved module firebase-functions {\"declared\":true,\"installed\":true,\"version\":\"4.4.1\",\"resolution\":\"C:\\\\Users\\\\basu1\\\\OneDrive\\\\Documents\\\\React-App\\\\amazon\\\\functions\\\\node_modules\\\\firebase-functions\\\\lib\\\\v1\\\\index.js\"}"}}
[debug] [2023-09-15T08:47:13.129Z] [runtime-status] [6200] Resolved module firebase-admin {"declared":true,"installed":true,"version":"11.10.1","resolution":"C:\\Users\\basu1\\OneDrive\\Documents\\React-App\\amazon\\functions\\node_modules\\firebase-admin\\lib\\index.js"} {"metadata":{"emulator":{"name":"functions"},"function":{"name":"us-central1-api"},"extension":{},"message":"[runtime-status] [6200] Resolved module firebase-admin {\"declared\":true,\"installed\":true,\"version\":\"11.10.1\",\"resolution\":\"C:\\\\Users\\\\basu1\\\\OneDrive\\\\Documents\\\\React-App\\\\amazon\\\\functions\\\\node_modules\\\\firebase-admin\\\\lib\\\\index.js\"}"}}
[debug] [2023-09-15T08:47:13.132Z] [runtime-status] [18840] Checked functions.config() {"config":{}} {"metadata":{"emulator":{"name":"functions"},"function":{"name":"us-central1-api"},"extension":{},"message":"[runtime-status] [18840] Checked functions.config() {\"config\":{}}"}}
[debug] [2023-09-15T08:47:13.132Z] [runtime-status] [18840] firebase-functions has been stubbed. {"functionsResolution":{"declared":true,"installed":true,"version":"4.4.1","resolution":"C:\\Users\\basu1\\OneDrive\\Documents\\React-App\\amazon\\functions\\node_modules\\firebase-functions\\lib\\v1\\index.js"}} {"metadata":{"emulator":{"name":"functions"},"function":{"name":"us-central1-api"},"extension":{},"message":"[runtime-status] [18840] firebase-functions has been stubbed. {\"functionsResolution\":{\"declared\":true,\"installed\":true,\"version\":\"4.4.1\",\"resolution\":\"C:\\\\Users\\\\basu1\\\\OneDrive\\\\Documents\\\\React-App\\\\amazon\\\\functions\\\\node_modules\\\\firebase-functions\\\\lib\\\\v1\\\\index.js\"}}"}}
[debug] [2023-09-15T08:47:13.133Z] [runtime-status] [18840] Resolved module firebase-functions {"declared":true,"installed":true,"version":"4.4.1","resolution":"C:\\Users\\basu1\\OneDrive\\Documents\\React-App\\amazon\\functions\\node_modules\\firebase-functions\\lib\\v1\\index.js"} {"metadata":{"emulator":{"name":"functions"},"function":{"name":"us-central1-api"},"extension":{},"message":"[runtime-status] [18840] Resolved module firebase-functions {\"declared\":true,\"installed\":true,\"version\":\"4.4.1\",\"resolution\":\"C:\\\\Users\\\\basu1\\\\OneDrive\\\\Documents\\\\React-App\\\\amazon\\\\functions\\\\node_modules\\\\firebase-functions\\\\lib\\\\v1\\\\index.js\"}"}}
[debug] [2023-09-15T08:47:13.135Z] [runtime-status] [18840] Resolved module firebase-admin {"declared":true,"installed":true,"version":"11.10.1","resolution":"C:\\Users\\basu1\\OneDrive\\Documents\\React-App\\amazon\\functions\\node_modules\\firebase-admin\\lib\\index.js"} {"metadata":{"emulator":{"name":"functions"},"function":{"name":"us-central1-api"},"extension":{},"message":"[runtime-status] [18840] Resolved module firebase-admin {\"declared\":true,\"installed\":true,\"version\":\"11.10.1\",\"resolution\":\"C:\\\\Users\\\\basu1\\\\OneDrive\\\\Documents\\\\React-App\\\\amazon\\\\functions\\\\node_modules\\\\firebase-admin\\\\lib\\\\index.js\"}"}}
[debug] [2023-09-15T08:47:13.137Z] [runtime-status] [6200] Resolved module firebase-functions {"declared":true,"installed":true,"version":"4.4.1","resolution":"C:\\Users\\basu1\\OneDrive\\Documents\\React-App\\amazon\\functions\\node_modules\\firebase-functions\\lib\\v1\\index.js"} {"metadata":{"emulator":{"name":"functions"},"function":{"name":"us-central1-api"},"extension":{},"message":"[runtime-status] [6200] Resolved module firebase-functions {\"declared\":true,\"installed\":true,\"version\":\"4.4.1\",\"resolution\":\"C:\\\\Users\\\\basu1\\\\OneDrive\\\\Documents\\\\React-App\\\\amazon\\\\functions\\\\node_modules\\\\firebase-functions\\\\lib\\\\v1\\\\index.js\"}"}}
[debug] [2023-09-15T08:47:13.137Z] [runtime-status] [6200] firebase-admin has been stubbed. {"adminResolution":{"declared":true,"installed":true,"version":"11.10.1","resolution":"C:\\Users\\basu1\\OneDrive\\Documents\\React-App\\amazon\\functions\\node_modules\\firebase-admin\\lib\\index.js"}} {"metadata":{"emulator":{"name":"functions"},"function":{"name":"us-central1-api"},"extension":{},"message":"[runtime-status] [6200] firebase-admin has been stubbed. {\"adminResolution\":{\"declared\":true,\"installed\":true,\"version\":\"11.10.1\",\"resolution\":\"C:\\\\Users\\\\basu1\\\\OneDrive\\\\Documents\\\\React-App\\\\amazon\\\\functions\\\\node_modules\\\\firebase-admin\\\\lib\\\\index.js\"}}"}}
[debug] [2023-09-15T08:47:13.138Z] [runtime-status] [18840] Resolved module firebase-functions {"declared":true,"installed":true,"version":"4.4.1","resolution":"C:\\Users\\basu1\\OneDrive\\Documents\\React-App\\amazon\\functions\\node_modules\\firebase-functions\\lib\\v1\\index.js"} {"metadata":{"emulator":{"name":"functions"},"function":{"name":"us-central1-api"},"extension":{},"message":"[runtime-status] [18840] Resolved module firebase-functions {\"declared\":true,\"installed\":true,\"version\":\"4.4.1\",\"resolution\":\"C:\\\\Users\\\\basu1\\\\OneDrive\\\\Documents\\\\React-App\\\\amazon\\\\functions\\\\node_modules\\\\firebase-functions\\\\lib\\\\v1\\\\index.js\"}"}}
[debug] [2023-09-15T08:47:13.139Z] [runtime-status] [18840] firebase-admin has been stubbed. {"adminResolution":{"declared":true,"installed":true,"version":"11.10.1","resolution":"C:\\Users\\basu1\\OneDrive\\Documents\\React-App\\amazon\\functions\\node_modules\\firebase-admin\\lib\\index.js"}} {"metadata":{"emulator":{"name":"functions"},"function":{"name":"us-central1-api"},"extension":{},"message":"[runtime-status] [18840] firebase-admin has been stubbed. {\"adminResolution\":{\"declared\":true,\"installed\":true,\"version\":\"11.10.1\",\"resolution\":\"C:\\\\Users\\\\basu1\\\\OneDrive\\\\Documents\\\\React-App\\\\amazon\\\\functions\\\\node_modules\\\\firebase-admin\\\\lib\\\\index.js\"}}"}}
[debug] [2023-09-15T08:47:13.331Z] [runtime-status] [18840] Functions runtime initialized. {"cwd":"C:\\Users\\basu1\\OneDrive\\Documents\\React-App\\amazon\\functions","node_version":"18.16.0"} {"metadata":{"emulator":{"name":"functions"},"function":{"name":"us-central1-api"},"extension":{},"message":"[runtime-status] [18840] Functions runtime initialized. {\"cwd\":\"C:\\\\Users\\\\basu1\\\\OneDrive\\\\Documents\\\\React-App\\\\amazon\\\\functions\",\"node_version\":\"18.16.0\"}"}}
[debug] [2023-09-15T08:47:13.331Z] [runtime-status] [6200] Functions runtime initialized. {"cwd":"C:\\Users\\basu1\\OneDrive\\Documents\\React-App\\amazon\\functions","node_version":"18.16.0"} {"metadata":{"emulator":{"name":"functions"},"function":{"name":"us-central1-api"},"extension":{},"message":"[runtime-status] [6200] Functions runtime initialized. {\"cwd\":\"C:\\\\Users\\\\basu1\\\\OneDrive\\\\Documents\\\\React-App\\\\amazon\\\\functions\",\"node_version\":\"18.16.0\"}"}}
[debug] [2023-09-15T08:47:13.332Z] [runtime-status] [6200] Listening to port: \\?\pipe\fire_emu_9733b1aa3bce9912 {"metadata":{"emulator":{"name":"functions"},"function":{"name":"us-central1-api"},"extension":{},"message":"[runtime-status] [6200] Listening to port: \\\\?\\pipe\\fire_emu_9733b1aa3bce9912"}}
[debug] [2023-09-15T08:47:13.332Z] [runtime-status] [18840] Listening to port: \\?\pipe\fire_emu_1a28f64a981323f6 {"metadata":{"emulator":{"name":"functions"},"function":{"name":"us-central1-api"},"extension":{},"message":"[runtime-status] [18840] Listening to port: \\\\?\\pipe\\fire_emu_1a28f64a981323f6"}}
[debug] [2023-09-15T08:47:13.427Z] [worker-us-central1-api-60967382-b5cd-432d-940f-9f69bd3771b0]: IDLE {"metadata":{"emulator":{"name":"functions"},"function":{"name":"us-central1-api"},"extension":{},"message":"[worker-us-central1-api-60967382-b5cd-432d-940f-9f69bd3771b0]: IDLE"}}
[debug] [2023-09-15T08:47:13.428Z] [worker-pool] submitRequest(triggerId=us-central1-api) {"metadata":{"emulator":{"name":"functions"},"message":"[worker-pool] submitRequest(triggerId=us-central1-api)"}}
[info] i  functions: Beginning execution of "us-central1-api" {"metadata":{"emulator":{"name":"functions"},"function":{"name":"us-central1-api"},"extension":{},"message":"Beginning execution of \"us-central1-api\""}}
[debug] [2023-09-15T08:47:13.430Z] [worker-us-central1-api-60967382-b5cd-432d-940f-9f69bd3771b0]: BUSY {"metadata":{"emulator":{"name":"functions"},"function":{"name":"us-central1-api"},"extension":{},"message":"[worker-us-central1-api-60967382-b5cd-432d-940f-9f69bd3771b0]: BUSY"}}
[debug] [2023-09-15T08:47:13.433Z] [worker-us-central1-api-bc8773f3-c3c0-429a-9bbd-ebacb512d422]: IDLE {"metadata":{"emulator":{"name":"functions"},"function":{"name":"us-central1-api"},"extension":{},"message":"[worker-us-central1-api-bc8773f3-c3c0-429a-9bbd-ebacb512d422]: IDLE"}}
[debug] [2023-09-15T08:47:13.433Z] [worker-pool] submitRequest(triggerId=us-central1-api) {"metadata":{"emulator":{"name":"functions"},"message":"[worker-pool] submitRequest(triggerId=us-central1-api)"}}
[info] i  functions: Beginning execution of "us-central1-api" {"metadata":{"emulator":{"name":"functions"},"function":{"name":"us-central1-api"},"extension":{},"message":"Beginning execution of \"us-central1-api\""}}
[debug] [2023-09-15T08:47:13.434Z] [worker-us-central1-api-bc8773f3-c3c0-429a-9bbd-ebacb512d422]: BUSY {"metadata":{"emulator":{"name":"functions"},"function":{"name":"us-central1-api"},"extension":{},"message":"[worker-us-central1-api-bc8773f3-c3c0-429a-9bbd-ebacb512d422]: BUSY"}}
[info] >  2399 {"user":2399,"metadata":{"emulator":{"name":"functions"},"function":{"name":"us-central1-api"},"extension":{},"message":"\u001b[90m> \u001b[39m 2399"}}
[info] >  2399 {"user":2399,"metadata":{"emulator":{"name":"functions"},"function":{"name":"us-central1-api"},"extension":{},"message":"\u001b[90m> \u001b[39m 2399"}}
[debug] [2023-09-15T08:47:14.594Z] Finishing up request with event=pause {"metadata":{"emulator":{"name":"functions"},"function":{"name":"us-central1-api"},"extension":{},"message":"Finishing up request with event=pause"}}
[info] i  functions: Finished "us-central1-api" in 1165.1658ms {"metadata":{"emulator":{"name":"functions"},"function":{"name":"us-central1-api"},"extension":{},"message":"Finished \"us-central1-api\" in 1165.1658ms"}}
[debug] [2023-09-15T08:47:14.595Z] [worker-us-central1-api-60967382-b5cd-432d-940f-9f69bd3771b0]: IDLE {"metadata":{"emulator":{"name":"functions"},"function":{"name":"us-central1-api"},"extension":{},"message":"[worker-us-central1-api-60967382-b5cd-432d-940f-9f69bd3771b0]: IDLE"}}
[debug] [2023-09-15T08:47:14.596Z] Finishing up request with event=finish {"metadata":{"emulator":{"name":"functions"},"function":{"name":"us-central1-api"},"extension":{},"message":"Finishing up request with event=finish"}}
[debug] [2023-09-15T08:47:14.596Z] Finishing up request with event=close {"metadata":{"emulator":{"name":"functions"},"function":{"name":"us-central1-api"},"extension":{},"message":"Finishing up request with event=close"}}
[debug] [2023-09-15T08:47:14.596Z] [work-queue] {"queuedWork":[],"queueLength":0,"runningWork":["/clone-3af92/us-central1/api/payments/create-2023-09-15T08:47:11.665Z"],"workRunningCount":1}
[debug] [2023-09-15T08:47:14.715Z] Finishing up request with event=pause {"metadata":{"emulator":{"name":"functions"},"function":{"name":"us-central1-api"},"extension":{},"message":"Finishing up request with event=pause"}}
[info] i  functions: Finished "us-central1-api" in 1280.7038ms {"metadata":{"emulator":{"name":"functions"},"function":{"name":"us-central1-api"},"extension":{},"message":"Finished \"us-central1-api\" in 1280.7038ms"}}
[debug] [2023-09-15T08:47:14.716Z] [worker-us-central1-api-bc8773f3-c3c0-429a-9bbd-ebacb512d422]: IDLE {"metadata":{"emulator":{"name":"functions"},"function":{"name":"us-central1-api"},"extension":{},"message":"[worker-us-central1-api-bc8773f3-c3c0-429a-9bbd-ebacb512d422]: IDLE"}}
[debug] [2023-09-15T08:47:14.716Z] Finishing up request with event=finish {"metadata":{"emulator":{"name":"functions"},"function":{"name":"us-central1-api"},"extension":{},"message":"Finishing up request with event=finish"}}
[debug] [2023-09-15T08:47:14.716Z] Finishing up request with event=close {"metadata":{"emulator":{"name":"functions"},"function":{"name":"us-central1-api"},"extension":{},"message":"Finishing up request with event=close"}}
[debug] [2023-09-15T08:47:14.716Z] [work-queue] {"queuedWork":[],"queueLength":0,"runningWork":[],"workRunningCount":0}
